d:\ffs\ffs_framegui\ffs_framegui\x64\debug\vc143.pdb
d:\ffs\ffs_framegui\ffs_framegui\x64\debug\vc143.idb
d:\ffs\ffs_framegui\ffs_framegui\x64\debug\imgui_widgets.obj
d:\ffs\ffs_framegui\ffs_framegui\x64\debug\imgui_tables.obj
d:\ffs\ffs_framegui\ffs_framegui\x64\debug\imgui_impl_win32.obj
d:\ffs\ffs_framegui\ffs_framegui\x64\debug\imgui_impl_dx11.obj
d:\ffs\ffs_framegui\ffs_framegui\x64\debug\imgui_draw.obj
d:\ffs\ffs_framegui\ffs_framegui\x64\debug\imgui_demo.obj
d:\ffs\ffs_framegui\ffs_framegui\x64\debug\imgui.obj
d:\ffs\ffs_framegui\ffs_framegui\x64\debug\runframegui.obj
d:\ffs\ffs_framegui\ffs_framegui\x64\debug\ffsframegui.ilk
d:\ffs\ffs_framegui\ffs_framegui\x64\debug\main.obj
d:\ffs\ffs_framegui\ffs_framegui\x64\debug\ffs_framegui.ilk
d:\ffs\ffs_framegui\x64\debug\ffsframegui.pdb
d:\ffs\ffs_framegui\ffs_framegui\x64\debug\ffsframegui.tlog\cl.command.1.tlog
d:\ffs\ffs_framegui\ffs_framegui\x64\debug\ffsframegui.tlog\cl.items.tlog
d:\ffs\ffs_framegui\ffs_framegui\x64\debug\ffsframegui.tlog\cl.read.1.tlog
d:\ffs\ffs_framegui\ffs_framegui\x64\debug\ffsframegui.tlog\cl.write.1.tlog
d:\ffs\ffs_framegui\ffs_framegui\x64\debug\ffsframegui.tlog\link-cvtres.read.1.tlog
d:\ffs\ffs_framegui\ffs_framegui\x64\debug\ffsframegui.tlog\link-cvtres.write.1.tlog
d:\ffs\ffs_framegui\ffs_framegui\x64\debug\ffsframegui.tlog\link-rc.read.1.tlog
d:\ffs\ffs_framegui\ffs_framegui\x64\debug\ffsframegui.tlog\link-rc.write.1.tlog
d:\ffs\ffs_framegui\ffs_framegui\x64\debug\ffsframegui.tlog\link.14860-cvtres.read.1.tlog
d:\ffs\ffs_framegui\ffs_framegui\x64\debug\ffsframegui.tlog\link.14860-cvtres.write.1.tlog
d:\ffs\ffs_framegui\ffs_framegui\x64\debug\ffsframegui.tlog\link.14860-rc.read.1.tlog
d:\ffs\ffs_framegui\ffs_framegui\x64\debug\ffsframegui.tlog\link.14860-rc.write.1.tlog
d:\ffs\ffs_framegui\ffs_framegui\x64\debug\ffsframegui.tlog\link.14860.read.1.tlog
d:\ffs\ffs_framegui\ffs_framegui\x64\debug\ffsframegui.tlog\link.14860.read.2.tlog
d:\ffs\ffs_framegui\ffs_framegui\x64\debug\ffsframegui.tlog\link.14860.read.3.tlog
d:\ffs\ffs_framegui\ffs_framegui\x64\debug\ffsframegui.tlog\link.14860.read.4.tlog
d:\ffs\ffs_framegui\ffs_framegui\x64\debug\ffsframegui.tlog\link.14860.read.5.tlog
d:\ffs\ffs_framegui\ffs_framegui\x64\debug\ffsframegui.tlog\link.14860.write.1.tlog
d:\ffs\ffs_framegui\ffs_framegui\x64\debug\ffsframegui.tlog\link.command.1.tlog
d:\ffs\ffs_framegui\ffs_framegui\x64\debug\ffsframegui.tlog\link.read.1.tlog
d:\ffs\ffs_framegui\ffs_framegui\x64\debug\ffsframegui.tlog\link.read.2.tlog
d:\ffs\ffs_framegui\ffs_framegui\x64\debug\ffsframegui.tlog\link.read.3.tlog
d:\ffs\ffs_framegui\ffs_framegui\x64\debug\ffsframegui.tlog\link.read.4.tlog
d:\ffs\ffs_framegui\ffs_framegui\x64\debug\ffsframegui.tlog\link.read.5.tlog
d:\ffs\ffs_framegui\ffs_framegui\x64\debug\ffsframegui.tlog\link.secondary.1.tlog
d:\ffs\ffs_framegui\ffs_framegui\x64\debug\ffsframegui.tlog\link.write.1.tlog
